INFO:root:Running server at localhost:8081
INFO:root:Client object created
INFO:root:Entered the context of a View object
DEBUG:root:Passed View object to IRC Client
DEBUG:root:IRC Client is subscribed to the View (to receive user input)
DEBUG:asyncio:Using selector: KqueueSelector
DEBUG:root:Character int: 47
DEBUG:root:Character int: 99
DEBUG:root:Character int: 111
DEBUG:root:Character int: 110
DEBUG:root:Character int: 110
DEBUG:root:Character int: 101
DEBUG:root:Character int: 99
DEBUG:root:Character int: 116
DEBUG:root:Character int: 32
DEBUG:root:Character int: 106
DEBUG:root:Character int: 97
DEBUG:root:Character int: 121
DEBUG:root:Character int: 32
DEBUG:root:Character int: 108
DEBUG:root:Character int: 111
DEBUG:root:Character int: 99
DEBUG:root:Character int: 97
DEBUG:root:Character int: 108
DEBUG:root:Character int: 104
DEBUG:root:Character int: 111
DEBUG:root:Character int: 115
DEBUG:root:Character int: 116
DEBUG:root:Character int: 32
DEBUG:root:Character int: 56
DEBUG:root:Character int: 48
DEBUG:root:Character int: 56
DEBUG:root:Character int: 49
DEBUG:root:Character int: 32
DEBUG:root:Character int: 106
DEBUG:root:Character int: 97
DEBUG:root:Character int: 99
DEBUG:root:Character int: 111
DEBUG:root:Character int: 98
DEBUG:root:Character int: 10
DEBUG:root:Input line: /connect jay localhost 8081 jacob
INFO:root:IRCClient.update -> msg: /connect jay localhost 8081 jacob
INFO:root:connecting to socket at host:localhost:8081
INFO:root:connected to server
INFO:root:Nick: NICK jay User: USER jay localhost 8081 jacob
INFO:root:Msg: NICK jay;USER jay localhost 8081 jacob
INFO:root:New client @ ('127.0.0.1', 50555)
INFO:root:NICK USER sent
INFO:root:Client jay connected to server
INFO:root:Client object created
INFO:root:Entered the context of a View object
DEBUG:root:Passed View object to IRC Client
DEBUG:root:IRC Client is subscribed to the View (to receive user input)
DEBUG:asyncio:Using selector: KqueueSelector
DEBUG:root:Character int: 47
DEBUG:root:Character int: 99
DEBUG:root:Character int: 111
DEBUG:root:Character int: 110
DEBUG:root:Character int: 110
DEBUG:root:Character int: 101
DEBUG:root:Character int: 99
DEBUG:root:Character int: 116
DEBUG:root:Character int: 32
DEBUG:root:Character int: 106
DEBUG:root:Character int: 97
DEBUG:root:Character int: 121
DEBUG:root:Character int: 32
DEBUG:root:Character int: 108
DEBUG:root:Character int: 111
DEBUG:root:Character int: 99
DEBUG:root:Character int: 97
DEBUG:root:Character int: 108
DEBUG:root:Character int: 104
DEBUG:root:Character int: 111
DEBUG:root:Character int: 115
DEBUG:root:Character int: 116
DEBUG:root:Character int: 32
DEBUG:root:Character int: 56
DEBUG:root:Character int: 48
DEBUG:root:Character int: 56
DEBUG:root:Character int: 49
DEBUG:root:Character int: 32
DEBUG:root:Character int: 106
DEBUG:root:Character int: 111
DEBUG:root:Character int: 101
DEBUG:root:Character int: 10
DEBUG:root:Input line: /connect jay localhost 8081 joe
INFO:root:IRCClient.update -> msg: /connect jay localhost 8081 joe
INFO:root:connecting to socket at host:localhost:8081
INFO:root:connected to server
INFO:root:Nick: NICK joe User: USER jay localhost 8081 joe
INFO:root:Msg: NICK joe;USER jay localhost 8081 joe
INFO:root:New client @ ('127.0.0.1', 50557)
INFO:root:NICK USER sent
DEBUG:root:Character int: 27
DEBUG:root:Character int: 91
DEBUG:root:Character int: 65
DEBUG:root:Character int: 127
DEBUG:root:Character int: 127
DEBUG:root:Character int: 127
DEBUG:root:Character int: 127
DEBUG:root:Character int: 127
DEBUG:root:Character int: 47
DEBUG:root:Character int: 99
DEBUG:root:Character int: 111
DEBUG:root:Character int: 110
DEBUG:root:Character int: 110
DEBUG:root:Character int: 101
DEBUG:root:Character int: 99
DEBUG:root:Character int: 116
DEBUG:root:Character int: 32
DEBUG:root:Character int: 106
DEBUG:root:Character int: 111
DEBUG:root:Character int: 101
DEBUG:root:Character int: 32
DEBUG:root:Character int: 108
DEBUG:root:Character int: 111
DEBUG:root:Character int: 99
DEBUG:root:Character int: 97
DEBUG:root:Character int: 108
DEBUG:root:Character int: 104
DEBUG:root:Character int: 111
DEBUG:root:Character int: 115
DEBUG:root:Character int: 116
DEBUG:root:Character int: 32
DEBUG:root:Character int: 56
DEBUG:root:Character int: 48
DEBUG:root:Character int: 56
DEBUG:root:Character int: 49
DEBUG:root:Character int: 32
DEBUG:root:Character int: 106
DEBUG:root:Character int: 111
DEBUG:root:Character int: 101
DEBUG:root:Character int: 10
DEBUG:root:Input line: /connect joe localhost 8081 joe
INFO:root:IRCClient.update -> msg: /connect joe localhost 8081 joe
INFO:root:Nick: NICK joe User: USER joe localhost 8081 joe
INFO:root:Msg: NICK joe;USER joe localhost 8081 joe
INFO:root:NICK USER sent
INFO:root:Client joe connected to server
DEBUG:root:Character int: 47
DEBUG:root:Character int: 109
DEBUG:root:Character int: 115
DEBUG:root:Character int: 103
DEBUG:root:Character int: 32
DEBUG:root:Character int: 104
DEBUG:root:Character int: 101
DEBUG:root:Character int: 121
DEBUG:root:Character int: 116
DEBUG:root:Character int: 32
DEBUG:root:Character int: 127
DEBUG:root:Character int: 127
DEBUG:root:Character int: 32
DEBUG:root:Character int: 106
DEBUG:root:Character int: 97
DEBUG:root:Character int: 121
DEBUG:root:Character int: 10
DEBUG:root:Input line: /msg hey jay
INFO:root:IRCClient.update -> msg: /msg hey jay
INFO:root:Sending message PRIVMSG #Global :hey jay to #Global on server <socket.socket fd=7, family=AddressFamily.AF_INET, type=SocketKind.SOCK_STREAM, proto=0, laddr=('127.0.0.1', 50557), raddr=('127.0.0.1', 8081)>
DEBUG:root:Character int: 47
DEBUG:root:Character int: 109
DEBUG:root:Character int: 115
DEBUG:root:Character int: 103
DEBUG:root:Character int: 32
DEBUG:root:Character int: 104
DEBUG:root:Character int: 101
DEBUG:root:Character int: 121
DEBUG:root:Character int: 32
DEBUG:root:Character int: 106
DEBUG:root:Character int: 111
DEBUG:root:Character int: 101
DEBUG:root:Character int: 10
DEBUG:root:Input line: /msg hey joe
INFO:root:IRCClient.update -> msg: /msg hey joe
INFO:root:Sending message PRIVMSG #Global :hey joe to #Global on server <socket.socket fd=7, family=AddressFamily.AF_INET, type=SocketKind.SOCK_STREAM, proto=0, laddr=('127.0.0.1', 50555), raddr=('127.0.0.1', 8081)>
DEBUG:root:Character int: 47
DEBUG:root:Character int: 113
DEBUG:root:Character int: 117
DEBUG:root:Character int: 105
DEBUG:root:Character int: 116
DEBUG:root:Character int: 10
DEBUG:root:Input line: /quit
INFO:root:IRCClient.update -> msg: /quit
DEBUG:root:KeyboardInterrupt detected within the view
DEBUG:root:Signifies end of process
DEBUG:root:Exiting context and closing View object
DEBUG:root:Closing IRC Client object
INFO:root:Closed a client socket: <socket.socket [closed] fd=-1, family=AddressFamily.AF_INET, type=SocketKind.SOCK_STREAM, proto=0>
DEBUG:root:Character int: 47
DEBUG:root:Character int: 113
DEBUG:root:Character int: 117
DEBUG:root:Character int: 105
DEBUG:root:Character int: 116
DEBUG:root:Character int: 10
DEBUG:root:Input line: /quit
INFO:root:IRCClient.update -> msg: /quit
DEBUG:root:KeyboardInterrupt detected within the view
DEBUG:root:Signifies end of process
DEBUG:root:Exiting context and closing View object
DEBUG:root:Closing IRC Client object
INFO:root:Closed a client socket: <socket.socket [closed] fd=-1, family=AddressFamily.AF_INET, type=SocketKind.SOCK_STREAM, proto=0>
